#
# There is insufficient memory for the Java Runtime Environment to continue.
# Native memory allocation (mmap) failed to map 266338304 bytes for G1 virtual space
# Possible reasons:
#   The system is out of physical RAM or swap space
#   The process is running with CompressedOops enabled, and the Java Heap may be blocking the growth of the native heap
# Possible solutions:
#   Reduce memory load on the system
#   Increase physical memory or swap space
#   Check if swap backing store is full
#   Decrease Java heap size (-Xmx/-Xms)
#   Decrease number of Java threads
#   Decrease Java thread stack sizes (-Xss)
#   Set larger code cache with -XX:ReservedCodeCacheSize=
#   JVM is running with Zero Based Compressed Oops mode in which the Java heap is
#     placed in the first 32GB address space. The Java Heap base address is the
#     maximum limit for the native heap growth. Please use -XX:HeapBaseMinAddress
#     to set the Java Heap base and to place the Java Heap above 32GB virtual address.
# This output file may be truncated or incomplete.
#
#  Out of Memory Error (os_windows.cpp:3825), pid=14128, tid=6512
#
# JRE version:  (17.0.10+8) (build )
# Java VM: OpenJDK 64-Bit Server VM (17.0.10+8-b1207.12, mixed mode, sharing, tiered, compressed oops, compressed class ptrs, g1 gc, windows-amd64)
# No core dump will be written. Minidumps are not enabled by default on client versions of Windows
#

---------------  S U M M A R Y ------------

Command Line: git4idea.http.GitAskPassApp Username for 'https://github.com': 

Host: Intel(R) Core(TM) i7-7700 CPU @ 3.60GHz, 8 cores, 15G,  Windows 10 , 64 bit Build 19041 (10.0.19041.3636)
Time: Thu May  2 16:14:59 2024 SE Asia Standard Time elapsed time: 0.020977 seconds (0d 0h 0m 0s)

---------------  T H R E A D  ---------------

Current thread (0x000002e6c16efe00):  JavaThread "Unknown thread" [_thread_in_vm, id=6512, stack(0x000000ed04900000,0x000000ed04a00000)]

Stack: [0x000000ed04900000,0x000000ed04a00000]
Native frames: (J=compiled Java code, j=interpreted, Vv=VM code, C=native code)
V  [jvm.dll+0x687989]
V  [jvm.dll+0x84116a]
V  [jvm.dll+0x842dae]
V  [jvm.dll+0x843413]
V  [jvm.dll+0x249ccf]
V  [jvm.dll+0x684759]
V  [jvm.dll+0x67900a]
V  [jvm.dll+0x30ab0b]
V  [jvm.dll+0x311fb6]
V  [jvm.dll+0x361d5e]
V  [jvm.dll+0x361f8f]
V  [jvm.dll+0x2e07f8]
V  [jvm.dll+0x2e1764]
V  [jvm.dll+0x811c31]
V  [jvm.dll+0x36fc11]
V  [jvm.dll+0x7f0666]
V  [jvm.dll+0x3f3daf]
V  [jvm.dll+0x3f5a41]
C  [jli.dll+0x528f]
C  [ucrtbase.dll+0x21bb2]
C  [KERNEL32.DLL+0x17344]
C  [ntdll.dll+0x526b1]


---------------  P R O C E S S  ---------------

Threads class SMR info:
_java_thread_list=0x00007ffb5cb1df58, length=0, elements={
}

Java Threads: ( => current thread )

Other Threads:
  0x000002e6c175a990 GCTaskThread "GC Thread#0" [stack: 0x000000ed04a00000,0x000000ed04b00000] [id=15724]
  0x000002e6c176b6b0 ConcurrentGCThread "G1 Main Marker" [stack: 0x000000ed04b00000,0x000000ed04c00000] [id=8100]
  0x000002e6c176c0d0 ConcurrentGCThread "G1 Conc#0" [stack: 0x000000ed04c00000,0x000000ed04d00000] [id=14528]

[error occurred during error reporting (printing all threads), id 0xc0000005, EXCEPTION_ACCESS_VIOLATION (0xc0000005) at pc=0x00007ffb5c2d13c7]

VM state: not at safepoint (not fully initialized)

VM Mutex/Monitor currently owned by a thread:  ([mutex/lock_event])
[0x000002e6c16e9cc0] Heap_lock - owner thread: 0x000002e6c16efe00

Heap address: 0x0000000702200000, size: 4062 MB, Compressed Oops mode: Zero based, Oop shift amount: 3

CDS archive(s) mapped at: [0x0000000000000000-0x0000000000000000-0x0000000000000000), size 0, SharedBaseAddress: 0x0000000800000000, ArchiveRelocationMode: 1.
Narrow klass base: 0x0000000000000000, Narrow klass shift: 0, Narrow klass range: 0x0

GC Precious Log:
<Empty>

Heap:
 garbage-first heap   total 0K, used 0K [0x0000000702200000, 0x0000000800000000)
  region size 2048K, 0 young (0K), 0 survivors (0K)
 Metaspace       used 0K, committed 0K, reserved 0K
  class space    used 0K, committed 0K, reserved 0K

Heap Regions: E=young(eden), S=young(survivor), O=old, HS=humongous(starts), HC=humongous(continues), CS=collection set, F=free, OA=open archive, CA=closed archive, TAMS=top-at-mark-start (previous, next)

Card table byte_map: [0x000002e6d68b0000,0x000002e6d70a0000] _byte_map_base: 0x000002e6d309f000

Marking Bits (Prev, Next): (CMBitMap*) 0x000002e6c175afb0, (CMBitMap*) 0x000002e6c175aff0
 Prev Bits: [0x000002e6d7890000, 0x000002e6db808000)
 Next Bits: [0x000002e6db810000, 0x000002e6df788000)

GC Heap History (0 events):
No events

Dll operation events (1 events):
Event: 0.005 Loaded shared library C:\Program Files\JetBrains\PhpStorm 2023.3.4\jbr\bin\java.dll

Deoptimization events (0 events):
No events

Classes unloaded (0 events):
No events

Classes redefined (0 events):
No events

Internal exceptions (0 events):
No events

VM Operations (0 events):
No events

Events (0 events):
No events


Dynamic libraries:
0x00007ff616270000 - 0x00007ff61627a000 	C:\Program Files\JetBrains\PhpStorm 2023.3.4\jbr\bin\java.exe
0x00007ffbf3990000 - 0x00007ffbf3b88000 	C:\Windows\SYSTEM32\ntdll.dll
0x00007ffbf3560000 - 0x00007ffbf361d000 	C:\Windows\System32\KERNEL32.DLL
0x00007ffbf1520000 - 0x00007ffbf1816000 	C:\Windows\System32\KERNELBASE.dll
0x00007ffbf12c0000 - 0x00007ffbf13c0000 	C:\Windows\System32\ucrtbase.dll
0x00007ffbdf9d0000 - 0x00007ffbdf9e7000 	C:\Program Files\JetBrains\PhpStorm 2023.3.4\jbr\bin\jli.dll
0x00007ffbf2810000 - 0x00007ffbf29af000 	C:\Windows\System32\USER32.dll
0x00007ffbf13c0000 - 0x00007ffbf13e2000 	C:\Windows\System32\win32u.dll
0x00007ffbddbc0000 - 0x00007ffbdde5a000 	C:\Windows\WinSxS\amd64_microsoft.windows.common-controls_6595b64144ccf1df_6.0.19041.4355_none_60b8b9eb71f62e16\COMCTL32.dll
0x00007ffbf2410000 - 0x00007ffbf243b000 	C:\Windows\System32\GDI32.dll
0x00007ffbdb720000 - 0x00007ffbdb73b000 	C:\Program Files\JetBrains\PhpStorm 2023.3.4\jbr\bin\VCRUNTIME140.dll
0x00007ffbf25e0000 - 0x00007ffbf267e000 	C:\Windows\System32\msvcrt.dll
0x00007ffbf1040000 - 0x00007ffbf1157000 	C:\Windows\System32\gdi32full.dll
0x00007ffbf1480000 - 0x00007ffbf151d000 	C:\Windows\System32\msvcp_win.dll
0x00007ffbf3450000 - 0x00007ffbf3482000 	C:\Windows\System32\IMM32.DLL
0x00007ffbdbbb0000 - 0x00007ffbdbbbc000 	C:\Program Files\JetBrains\PhpStorm 2023.3.4\jbr\bin\vcruntime140_1.dll
0x00007ffbbf290000 - 0x00007ffbbf31d000 	C:\Program Files\JetBrains\PhpStorm 2023.3.4\jbr\bin\msvcp140.dll
0x00007ffb5bfe0000 - 0x00007ffb5cc62000 	C:\Program Files\JetBrains\PhpStorm 2023.3.4\jbr\bin\server\jvm.dll
0x00007ffbf2680000 - 0x00007ffbf2730000 	C:\Windows\System32\ADVAPI32.dll
0x00007ffbf1f00000 - 0x00007ffbf1fa0000 	C:\Windows\System32\sechost.dll
0x00007ffbf3750000 - 0x00007ffbf3873000 	C:\Windows\System32\RPCRT4.dll
0x00007ffbf1820000 - 0x00007ffbf1847000 	C:\Windows\System32\bcrypt.dll
0x00007ffbf0e90000 - 0x00007ffbf0edb000 	C:\Windows\SYSTEM32\POWRPROF.dll
0x00007ffbe0bf0000 - 0x00007ffbe0c17000 	C:\Windows\SYSTEM32\WINMM.dll
0x00007ffbe2e10000 - 0x00007ffbe2e19000 	C:\Windows\SYSTEM32\WSOCK32.dll
0x00007ffbeb720000 - 0x00007ffbeb72a000 	C:\Windows\SYSTEM32\VERSION.dll
0x00007ffbf29b0000 - 0x00007ffbf2a1b000 	C:\Windows\System32\WS2_32.dll
0x00007ffbf0dc0000 - 0x00007ffbf0dd2000 	C:\Windows\SYSTEM32\UMPDC.dll
0x00007ffbeeea0000 - 0x00007ffbeeeb2000 	C:\Windows\SYSTEM32\kernel.appcore.dll
0x00007ffbeca80000 - 0x00007ffbeca8a000 	C:\Program Files\JetBrains\PhpStorm 2023.3.4\jbr\bin\jimage.dll
0x00007ffbe09a0000 - 0x00007ffbe0b84000 	C:\Windows\SYSTEM32\DBGHELP.DLL
0x00007ffbdffd0000 - 0x00007ffbe0004000 	C:\Windows\SYSTEM32\dbgcore.DLL
0x00007ffbf13f0000 - 0x00007ffbf1472000 	C:\Windows\System32\bcryptPrimitives.dll
0x00007ffbe3070000 - 0x00007ffbe3095000 	C:\Program Files\JetBrains\PhpStorm 2023.3.4\jbr\bin\java.dll

dbghelp: loaded successfully - version: 4.0.5 - missing functions: none
symbol engine: initialized successfully - sym options: 0x614 - pdb path: .;C:\Program Files\JetBrains\PhpStorm 2023.3.4\jbr\bin;C:\Windows\SYSTEM32;C:\Windows\WinSxS\amd64_microsoft.windows.common-controls_6595b64144ccf1df_6.0.19041.4355_none_60b8b9eb71f62e16;C:\Program Files\JetBrains\PhpStorm 2023.3.4\jbr\bin\server

VM Arguments:
java_command: git4idea.http.GitAskPassApp Username for 'https://github.com': 
java_class_path (initial): C:/Program Files/JetBrains/PhpStorm 2023.3.4/plugins/vcs-git/lib/git4idea-rt.jar;C:/Program Files/JetBrains/PhpStorm 2023.3.4/lib/externalProcess-rt.jar
Launcher Type: SUN_STANDARD

[Global flags]
     intx CICompilerCount                          = 4                                         {product} {ergonomic}
     uint ConcGCThreads                            = 2                                         {product} {ergonomic}
     uint G1ConcRefinementThreads                  = 8                                         {product} {ergonomic}
   size_t G1HeapRegionSize                         = 2097152                                   {product} {ergonomic}
    uintx GCDrainStackTargetSize                   = 64                                        {product} {ergonomic}
   size_t InitialHeapSize                          = 266338304                                 {product} {ergonomic}
   size_t MarkStackSize                            = 4194304                                   {product} {ergonomic}
   size_t MaxHeapSize                              = 4259315712                                {product} {ergonomic}
   size_t MinHeapDeltaBytes                        = 2097152                                   {product} {ergonomic}
   size_t MinHeapSize                              = 8388608                                   {product} {ergonomic}
    uintx NonNMethodCodeHeapSize                   = 5839372                                {pd product} {ergonomic}
    uintx NonProfiledCodeHeapSize                  = 122909434                              {pd product} {ergonomic}
    uintx ProfiledCodeHeapSize                     = 122909434                              {pd product} {ergonomic}
    uintx ReservedCodeCacheSize                    = 251658240                              {pd product} {ergonomic}
     bool SegmentedCodeCache                       = true                                      {product} {ergonomic}
   size_t SoftMaxHeapSize                          = 4259315712                             {manageable} {ergonomic}
     bool UseCompressedClassPointers               = true                           {product lp64_product} {ergonomic}
     bool UseCompressedOops                        = true                           {product lp64_product} {ergonomic}
     bool UseG1GC                                  = true                                      {product} {ergonomic}
     bool UseLargePagesIndividualAllocation        = false                                  {pd product} {ergonomic}

Logging:
Log output configuration:
 #0: stdout all=warning uptime,level,tags
 #1: stderr all=off uptime,level,tags

Environment Variables:
JAVA_HOME=C:\Program Files\Java\jdk-21
PATH=C:\Program Files\Common Files\Oracle\Java\javapath;C:\Program Files (x86)\Common Files\Oracle\Java\java8path;C:\Program Files (x86)\Common Files\Oracle\Java\javapath;C:\Python312\Scripts\;C:\Python312\;C:\Python311\Scripts\;C:\Python311\;C:\Windows\system32;C:\Windows;C:\Windows\System32\Wbem;C:\Windows\System32\WindowsPowerShell\v1.0\;C:\Windows\System32\OpenSSH\;C:\Program Files\Git\cmd;D:\xampp\php;C:\xampp\php;C:\ProgramData\ComposerSetup\bin;C:\ProgramData\chocolatey\bin;C:\Users\DELL\AppData\Roaming\nvm;C:\Program Files\nodejs;C:\Program Files\Docker\Docker\resources\bin;C:\Program Files\PowerShell\7\;C:\Users\DELL\AppData\Local\Microsoft\WindowsApps;C:\Users\DELL\AppData\Local\Programs\Microsoft VS Code\bin;C:\Users\DELL\AppData\Roaming\Composer\vendor\bin;C:\Users\DELL\AppData\Roaming\npm;C:\Users\DELL\AppData\Roaming\nvm;C:\Program Files\nodejs;C:\Program Files\JetBrains\PhpStorm 2023.3.4\bin;;"D:\learn_space\learn_flutter\flutter\bin";E:\WebStorm 2024.1.2\bin;
USERNAME=RB094
OS=Windows_NT
PROCESSOR_IDENTIFIER=Intel64 Family 6 Model 158 Stepping 9, GenuineIntel
TMP=C:\Users\DELL\AppData\Local\Temp
TEMP=C:\Users\DELL\AppData\Local\Temp



Periodic native trim disabled

JNI global refs:
JNI global refs: 0, weak refs: 0

JNI global refs memory usage: 0, weak refs: 0

OOME stack traces (most recent first):
Classloader memory used:


---------------  S Y S T E M  ---------------

OS:
 Windows 10 , 64 bit Build 19041 (10.0.19041.3636)
OS uptime: 0 days 8:04 hours
Hyper-V role detected

CPU: total 8 (initial active 8) (4 cores per cpu, 2 threads per core) family 6 model 158 stepping 9 microcode 0xf4, cx8, cmov, fxsr, ht, mmx, 3dnowpref, sse, sse2, sse3, ssse3, sse4.1, sse4.2, popcnt, lzcnt, tsc, tscinvbit, avx, avx2, aes, erms, clmul, bmi1, bmi2, rtm, adx, fma, vzeroupper, clflush, clflushopt, hv
Processor Information for all 8 processors :
  Max Mhz: 3600, Current Mhz: 3600, Mhz Limit: 3600

Memory: 4k page, system-wide physical 16247M (687M free)
TotalPageFile size 24439M (AvailPageFile size 119M)
current process WorkingSet (physical memory assigned to process): 10M, peak: 10M
current process commit charge ("private bytes"): 60M, peak: 314M

vm_info: OpenJDK 64-Bit Server VM (17.0.10+8-b1207.12) for windows-amd64 JRE (17.0.10+8-b1207.12), built on 2024-03-15 by "builduser" with MS VC++ 16.10 / 16.11 (VS2019)

END.
