#
# There is insufficient memory for the Java Runtime Environment to continue.
# Native memory allocation (mmap) failed to map 266338304 bytes for G1 virtual space
# Possible reasons:
#   The system is out of physical RAM or swap space
#   The process is running with CompressedOops enabled, and the Java Heap may be blocking the growth of the native heap
# Possible solutions:
#   Reduce memory load on the system
#   Increase physical memory or swap space
#   Check if swap backing store is full
#   Decrease Java heap size (-Xmx/-Xms)
#   Decrease number of Java threads
#   Decrease Java thread stack sizes (-Xss)
#   Set larger code cache with -XX:ReservedCodeCacheSize=
#   JVM is running with Zero Based Compressed Oops mode in which the Java heap is
#     placed in the first 32GB address space. The Java Heap base address is the
#     maximum limit for the native heap growth. Please use -XX:HeapBaseMinAddress
#     to set the Java Heap base and to place the Java Heap above 32GB virtual address.
# This output file may be truncated or incomplete.
#
#  Out of Memory Error (os_windows.cpp:3825), pid=18148, tid=8492
#
# JRE version:  (17.0.10+8) (build )
# Java VM: OpenJDK 64-Bit Server VM (17.0.10+8-b1207.12, mixed mode, sharing, tiered, compressed oops, compressed class ptrs, g1 gc, windows-amd64)
# No core dump will be written. Minidumps are not enabled by default on client versions of Windows
#

---------------  S U M M A R Y ------------

Command Line: git4idea.http.GitAskPassApp Username for 'https://github.com': 

Host: Intel(R) Core(TM) i7-7700 CPU @ 3.60GHz, 8 cores, 15G,  Windows 10 , 64 bit Build 19041 (10.0.19041.3636)
Time: Tue May 14 15:49:16 2024 SE Asia Standard Time elapsed time: 0.022226 seconds (0d 0h 0m 0s)

---------------  T H R E A D  ---------------

Current thread (0x000002a16f55e6e0):  JavaThread "Unknown thread" [_thread_in_vm, id=8492, stack(0x000000b43bd00000,0x000000b43be00000)]

Stack: [0x000000b43bd00000,0x000000b43be00000]
Native frames: (J=compiled Java code, j=interpreted, Vv=VM code, C=native code)
V  [jvm.dll+0x687989]
V  [jvm.dll+0x84116a]
V  [jvm.dll+0x842dae]
V  [jvm.dll+0x843413]
V  [jvm.dll+0x249ccf]
V  [jvm.dll+0x684759]
V  [jvm.dll+0x67900a]
V  [jvm.dll+0x30ab0b]
V  [jvm.dll+0x311fb6]
V  [jvm.dll+0x361d5e]
V  [jvm.dll+0x361f8f]
V  [jvm.dll+0x2e07f8]
V  [jvm.dll+0x2e1764]
V  [jvm.dll+0x811c31]
V  [jvm.dll+0x36fc11]
V  [jvm.dll+0x7f0666]
V  [jvm.dll+0x3f3daf]
V  [jvm.dll+0x3f5a41]
C  [jli.dll+0x528f]
C  [ucrtbase.dll+0x21bb2]
C  [KERNEL32.DLL+0x17344]
C  [ntdll.dll+0x526b1]


---------------  P R O C E S S  ---------------

Threads class SMR info:
_java_thread_list=0x00007ffdc215df58, length=0, elements={
}

Java Threads: ( => current thread )

Other Threads:
  0x000002a16f5c8580 GCTaskThread "GC Thread#0" [stack: 0x000000b43be00000,0x000000b43bf00000] [id=6704]
  0x000002a16f5d92a0 ConcurrentGCThread "G1 Main Marker" [stack: 0x000000b43bf00000,0x000000b43c000000] [id=17900]
  0x000002a16f5d9cc0 ConcurrentGCThread "G1 Conc#0" [stack: 0x000000b43c000000,0x000000b43c100000] [id=13140]

[error occurred during error reporting (printing all threads), id 0xc0000005, EXCEPTION_ACCESS_VIOLATION (0xc0000005) at pc=0x00007ffdc19113c7]

VM state: not at safepoint (not fully initialized)

VM Mutex/Monitor currently owned by a thread:  ([mutex/lock_event])
[0x000002a16f558790] Heap_lock - owner thread: 0x000002a16f55e6e0

Heap address: 0x0000000702200000, size: 4062 MB, Compressed Oops mode: Zero based, Oop shift amount: 3

CDS archive(s) mapped at: [0x0000000000000000-0x0000000000000000-0x0000000000000000), size 0, SharedBaseAddress: 0x0000000800000000, ArchiveRelocationMode: 1.
Narrow klass base: 0x0000000000000000, Narrow klass shift: 0, Narrow klass range: 0x0

GC Precious Log:
<Empty>

Heap:
 garbage-first heap   total 0K, used 0K [0x0000000702200000, 0x0000000800000000)
  region size 2048K, 0 young (0K), 0 survivors (0K)
 Metaspace       used 0K, committed 0K, reserved 0K
  class space    used 0K, committed 0K, reserved 0K

Heap Regions: E=young(eden), S=young(survivor), O=old, HS=humongous(starts), HC=humongous(continues), CS=collection set, F=free, OA=open archive, CA=closed archive, TAMS=top-at-mark-start (previous, next)

Card table byte_map: [0x000002a173800000,0x000002a173ff0000] _byte_map_base: 0x000002a16ffef000

Marking Bits (Prev, Next): (CMBitMap*) 0x000002a16f5c8ba0, (CMBitMap*) 0x000002a16f5c8be0
 Prev Bits: [0x000002a1747e0000, 0x000002a178758000)
 Next Bits: [0x000002a178760000, 0x000002a17c6d8000)

GC Heap History (0 events):
No events

Dll operation events (1 events):
Event: 0.006 Loaded shared library C:\Program Files\JetBrains\PhpStorm 2023.3.4\jbr\bin\java.dll

Deoptimization events (0 events):
No events

Classes unloaded (0 events):
No events

Classes redefined (0 events):
No events

Internal exceptions (0 events):
No events

VM Operations (0 events):
No events

Events (0 events):
No events


Dynamic libraries:
0x00007ff7b8d30000 - 0x00007ff7b8d3a000 	C:\Program Files\JetBrains\PhpStorm 2023.3.4\jbr\bin\java.exe
0x00007ffe38210000 - 0x00007ffe38408000 	C:\Windows\SYSTEM32\ntdll.dll
0x00007ffe36d00000 - 0x00007ffe36dbd000 	C:\Windows\System32\KERNEL32.DLL
0x00007ffe359e0000 - 0x00007ffe35cd6000 	C:\Windows\System32\KERNELBASE.dll
0x00007ffe360f0000 - 0x00007ffe361f0000 	C:\Windows\System32\ucrtbase.dll
0x00007ffe12f80000 - 0x00007ffe12f9b000 	C:\Program Files\JetBrains\PhpStorm 2023.3.4\jbr\bin\VCRUNTIME140.dll
0x00007ffe0a940000 - 0x00007ffe0a957000 	C:\Program Files\JetBrains\PhpStorm 2023.3.4\jbr\bin\jli.dll
0x00007ffe37230000 - 0x00007ffe373cf000 	C:\Windows\System32\USER32.dll
0x00007ffe35e30000 - 0x00007ffe35e52000 	C:\Windows\System32\win32u.dll
0x00007ffe22780000 - 0x00007ffe22a1a000 	C:\Windows\WinSxS\amd64_microsoft.windows.common-controls_6595b64144ccf1df_6.0.19041.4355_none_60b8b9eb71f62e16\COMCTL32.dll
0x00007ffe37a50000 - 0x00007ffe37a7b000 	C:\Windows\System32\GDI32.dll
0x00007ffe37630000 - 0x00007ffe376ce000 	C:\Windows\System32\msvcrt.dll
0x00007ffe35d10000 - 0x00007ffe35e27000 	C:\Windows\System32\gdi32full.dll
0x00007ffe36050000 - 0x00007ffe360ed000 	C:\Windows\System32\msvcp_win.dll
0x00007ffe37970000 - 0x00007ffe379a2000 	C:\Windows\System32\IMM32.DLL
0x00007ffe31370000 - 0x00007ffe3137c000 	C:\Program Files\JetBrains\PhpStorm 2023.3.4\jbr\bin\vcruntime140_1.dll
0x00007ffe07cd0000 - 0x00007ffe07d5d000 	C:\Program Files\JetBrains\PhpStorm 2023.3.4\jbr\bin\msvcp140.dll
0x00007ffdc1620000 - 0x00007ffdc22a2000 	C:\Program Files\JetBrains\PhpStorm 2023.3.4\jbr\bin\server\jvm.dll
0x00007ffe37860000 - 0x00007ffe37910000 	C:\Windows\System32\ADVAPI32.dll
0x00007ffe379b0000 - 0x00007ffe37a50000 	C:\Windows\System32\sechost.dll
0x00007ffe37a80000 - 0x00007ffe37ba3000 	C:\Windows\System32\RPCRT4.dll
0x00007ffe35ce0000 - 0x00007ffe35d07000 	C:\Windows\System32\bcrypt.dll
0x00007ffe35660000 - 0x00007ffe356ab000 	C:\Windows\SYSTEM32\POWRPROF.dll
0x00007ffe24d50000 - 0x00007ffe24d77000 	C:\Windows\SYSTEM32\WINMM.dll
0x00007ffe2ff60000 - 0x00007ffe2ff6a000 	C:\Windows\SYSTEM32\VERSION.dll
0x00007ffe30bb0000 - 0x00007ffe30bb9000 	C:\Windows\SYSTEM32\WSOCK32.dll
0x00007ffe373d0000 - 0x00007ffe3743b000 	C:\Windows\System32\WS2_32.dll
0x00007ffe35640000 - 0x00007ffe35652000 	C:\Windows\SYSTEM32\UMPDC.dll
0x00007ffe33720000 - 0x00007ffe33732000 	C:\Windows\SYSTEM32\kernel.appcore.dll
0x00007ffe2d410000 - 0x00007ffe2d41a000 	C:\Program Files\JetBrains\PhpStorm 2023.3.4\jbr\bin\jimage.dll
0x00007ffe24b60000 - 0x00007ffe24d44000 	C:\Windows\SYSTEM32\DBGHELP.DLL
0x00007ffe246c0000 - 0x00007ffe246f4000 	C:\Windows\SYSTEM32\dbgcore.DLL
0x00007ffe35e60000 - 0x00007ffe35ee2000 	C:\Windows\System32\bcryptPrimitives.dll
0x00007ffe0b4f0000 - 0x00007ffe0b515000 	C:\Program Files\JetBrains\PhpStorm 2023.3.4\jbr\bin\java.dll

dbghelp: loaded successfully - version: 4.0.5 - missing functions: none
symbol engine: initialized successfully - sym options: 0x614 - pdb path: .;C:\Program Files\JetBrains\PhpStorm 2023.3.4\jbr\bin;C:\Windows\SYSTEM32;C:\Windows\WinSxS\amd64_microsoft.windows.common-controls_6595b64144ccf1df_6.0.19041.4355_none_60b8b9eb71f62e16;C:\Program Files\JetBrains\PhpStorm 2023.3.4\jbr\bin\server

VM Arguments:
java_command: git4idea.http.GitAskPassApp Username for 'https://github.com': 
java_class_path (initial): C:/Program Files/JetBrains/PhpStorm 2023.3.4/plugins/vcs-git/lib/git4idea-rt.jar;C:/Program Files/JetBrains/PhpStorm 2023.3.4/lib/externalProcess-rt.jar
Launcher Type: SUN_STANDARD

[Global flags]
     intx CICompilerCount                          = 4                                         {product} {ergonomic}
     uint ConcGCThreads                            = 2                                         {product} {ergonomic}
     uint G1ConcRefinementThreads                  = 8                                         {product} {ergonomic}
   size_t G1HeapRegionSize                         = 2097152                                   {product} {ergonomic}
    uintx GCDrainStackTargetSize                   = 64                                        {product} {ergonomic}
   size_t InitialHeapSize                          = 266338304                                 {product} {ergonomic}
   size_t MarkStackSize                            = 4194304                                   {product} {ergonomic}
   size_t MaxHeapSize                              = 4259315712                                {product} {ergonomic}
   size_t MinHeapDeltaBytes                        = 2097152                                   {product} {ergonomic}
   size_t MinHeapSize                              = 8388608                                   {product} {ergonomic}
    uintx NonNMethodCodeHeapSize                   = 5839372                                {pd product} {ergonomic}
    uintx NonProfiledCodeHeapSize                  = 122909434                              {pd product} {ergonomic}
    uintx ProfiledCodeHeapSize                     = 122909434                              {pd product} {ergonomic}
    uintx ReservedCodeCacheSize                    = 251658240                              {pd product} {ergonomic}
     bool SegmentedCodeCache                       = true                                      {product} {ergonomic}
   size_t SoftMaxHeapSize                          = 4259315712                             {manageable} {ergonomic}
     bool UseCompressedClassPointers               = true                           {product lp64_product} {ergonomic}
     bool UseCompressedOops                        = true                           {product lp64_product} {ergonomic}
     bool UseG1GC                                  = true                                      {product} {ergonomic}
     bool UseLargePagesIndividualAllocation        = false                                  {pd product} {ergonomic}

Logging:
Log output configuration:
 #0: stdout all=warning uptime,level,tags
 #1: stderr all=off uptime,level,tags

Environment Variables:
JAVA_HOME=C:\Program Files\Java\jdk-21
PATH=C:\Program Files\Common Files\Oracle\Java\javapath;C:\Program Files (x86)\Common Files\Oracle\Java\java8path;C:\Program Files (x86)\Common Files\Oracle\Java\javapath;C:\Python312\Scripts\;C:\Python312\;C:\Python311\Scripts\;C:\Python311\;C:\Windows\system32;C:\Windows;C:\Windows\System32\Wbem;C:\Windows\System32\WindowsPowerShell\v1.0\;C:\Windows\System32\OpenSSH\;C:\Program Files\Git\cmd;D:\xampp\php;C:\xampp\php;C:\ProgramData\ComposerSetup\bin;C:\ProgramData\chocolatey\bin;C:\Users\DELL\AppData\Roaming\nvm;C:\Program Files\nodejs;C:\Program Files\PowerShell\7\;C:\Program Files\Docker\Docker\resources\bin;C:\Users\DELL\AppData\Local\Microsoft\WindowsApps;C:\Users\DELL\AppData\Local\Programs\Microsoft VS Code\bin;C:\Users\DELL\AppData\Roaming\Composer\vendor\bin;C:\Users\DELL\AppData\Roaming\npm;C:\Users\DELL\AppData\Roaming\nvm;C:\Program Files\nodejs;C:\Program Files\JetBrains\PhpStorm 2023.3.4\bin;;"D:\learn_space\learn_flutter\flutter\bin";E:\WebStorm 2024.1.2\bin;
USERNAME=RB094
OS=Windows_NT
PROCESSOR_IDENTIFIER=Intel64 Family 6 Model 158 Stepping 9, GenuineIntel
TMP=C:\Users\DELL\AppData\Local\Temp
TEMP=C:\Users\DELL\AppData\Local\Temp



Periodic native trim disabled

JNI global refs:
JNI global refs: 0, weak refs: 0

JNI global refs memory usage: 0, weak refs: 0

OOME stack traces (most recent first):
Classloader memory used:


---------------  S Y S T E M  ---------------

OS:
 Windows 10 , 64 bit Build 19041 (10.0.19041.3636)
OS uptime: 0 days 7:38 hours
Hyper-V role detected

CPU: total 8 (initial active 8) (4 cores per cpu, 2 threads per core) family 6 model 158 stepping 9 microcode 0xf4, cx8, cmov, fxsr, ht, mmx, 3dnowpref, sse, sse2, sse3, ssse3, sse4.1, sse4.2, popcnt, lzcnt, tsc, tscinvbit, avx, avx2, aes, erms, clmul, bmi1, bmi2, rtm, adx, fma, vzeroupper, clflush, clflushopt, hv
Processor Information for all 8 processors :
  Max Mhz: 3600, Current Mhz: 3600, Mhz Limit: 3600

Memory: 4k page, system-wide physical 16247M (505M free)
TotalPageFile size 24439M (AvailPageFile size 37M)
current process WorkingSet (physical memory assigned to process): 10M, peak: 10M
current process commit charge ("private bytes"): 60M, peak: 314M

vm_info: OpenJDK 64-Bit Server VM (17.0.10+8-b1207.12) for windows-amd64 JRE (17.0.10+8-b1207.12), built on 2024-03-15 by "builduser" with MS VC++ 16.10 / 16.11 (VS2019)

END.
