#
# There is insufficient memory for the Java Runtime Environment to continue.
# Native memory allocation (mmap) failed to map 266338304 bytes for G1 virtual space
# Possible reasons:
#   The system is out of physical RAM or swap space
#   The process is running with CompressedOops enabled, and the Java Heap may be blocking the growth of the native heap
# Possible solutions:
#   Reduce memory load on the system
#   Increase physical memory or swap space
#   Check if swap backing store is full
#   Decrease Java heap size (-Xmx/-Xms)
#   Decrease number of Java threads
#   Decrease Java thread stack sizes (-Xss)
#   Set larger code cache with -XX:ReservedCodeCacheSize=
#   JVM is running with Zero Based Compressed Oops mode in which the Java heap is
#     placed in the first 32GB address space. The Java Heap base address is the
#     maximum limit for the native heap growth. Please use -XX:HeapBaseMinAddress
#     to set the Java Heap base and to place the Java Heap above 32GB virtual address.
# This output file may be truncated or incomplete.
#
#  Out of Memory Error (os_windows.cpp:3825), pid=3156, tid=12752
#
# JRE version:  (17.0.10+8) (build )
# Java VM: OpenJDK 64-Bit Server VM (17.0.10+8-b1207.12, mixed mode, sharing, tiered, compressed oops, compressed class ptrs, g1 gc, windows-amd64)
# No core dump will be written. Minidumps are not enabled by default on client versions of Windows
#

---------------  S U M M A R Y ------------

Command Line: git4idea.http.GitAskPassApp Username for 'https://github.com': 

Host: Intel(R) Core(TM) i7-7700 CPU @ 3.60GHz, 8 cores, 15G,  Windows 10 , 64 bit Build 19041 (10.0.19041.3636)
Time: Wed Apr 24 11:44:25 2024 SE Asia Standard Time elapsed time: 0.027340 seconds (0d 0h 0m 0s)

---------------  T H R E A D  ---------------

Current thread (0x00000130b64aea60):  JavaThread "Unknown thread" [_thread_in_vm, id=12752, stack(0x0000002adee00000,0x0000002adef00000)]

Stack: [0x0000002adee00000,0x0000002adef00000]
Native frames: (J=compiled Java code, j=interpreted, Vv=VM code, C=native code)
V  [jvm.dll+0x687989]
V  [jvm.dll+0x84116a]
V  [jvm.dll+0x842dae]
V  [jvm.dll+0x843413]
V  [jvm.dll+0x249ccf]
V  [jvm.dll+0x684759]
V  [jvm.dll+0x67900a]
V  [jvm.dll+0x30ab0b]
V  [jvm.dll+0x311fb6]
V  [jvm.dll+0x361d5e]
V  [jvm.dll+0x361f8f]
V  [jvm.dll+0x2e07f8]
V  [jvm.dll+0x2e1764]
V  [jvm.dll+0x811c31]
V  [jvm.dll+0x36fc11]
V  [jvm.dll+0x7f0666]
V  [jvm.dll+0x3f3daf]
V  [jvm.dll+0x3f5a41]
C  [jli.dll+0x528f]
C  [ucrtbase.dll+0x21bb2]
C  [KERNEL32.DLL+0x17344]
C  [ntdll.dll+0x526b1]


---------------  P R O C E S S  ---------------

Threads class SMR info:
_java_thread_list=0x00007ffd667bdf58, length=0, elements={
}

Java Threads: ( => current thread )

Other Threads:
  0x00000130b6518290 GCTaskThread "GC Thread#0" [stack: 0x0000002adef00000,0x0000002adf000000] [id=14904]
  0x00000130b6528fb0 ConcurrentGCThread "G1 Main Marker" [stack: 0x0000002adf000000,0x0000002adf100000] [id=14908]
  0x00000130b65299d0 ConcurrentGCThread "G1 Conc#0" [stack: 0x0000002adf100000,0x0000002adf200000] [id=8924]

[error occurred during error reporting (printing all threads), id 0xc0000005, EXCEPTION_ACCESS_VIOLATION (0xc0000005) at pc=0x00007ffd65f713c7]

VM state: not at safepoint (not fully initialized)

VM Mutex/Monitor currently owned by a thread:  ([mutex/lock_event])
[0x00000130b64a7cd0] Heap_lock - owner thread: 0x00000130b64aea60

Heap address: 0x0000000702200000, size: 4062 MB, Compressed Oops mode: Zero based, Oop shift amount: 3

CDS archive(s) mapped at: [0x0000000000000000-0x0000000000000000-0x0000000000000000), size 0, SharedBaseAddress: 0x0000000800000000, ArchiveRelocationMode: 1.
Narrow klass base: 0x0000000000000000, Narrow klass shift: 0, Narrow klass range: 0x0

GC Precious Log:
<Empty>

Heap:
 garbage-first heap   total 0K, used 0K [0x0000000702200000, 0x0000000800000000)
  region size 2048K, 0 young (0K), 0 survivors (0K)
 Metaspace       used 0K, committed 0K, reserved 0K
  class space    used 0K, committed 0K, reserved 0K

Heap Regions: E=young(eden), S=young(survivor), O=old, HS=humongous(starts), HC=humongous(continues), CS=collection set, F=free, OA=open archive, CA=closed archive, TAMS=top-at-mark-start (previous, next)

Card table byte_map: [0x00000130c9760000,0x00000130c9f50000] _byte_map_base: 0x00000130c5f4f000

Marking Bits (Prev, Next): (CMBitMap*) 0x00000130b65188b0, (CMBitMap*) 0x00000130b65188f0
 Prev Bits: [0x00000130ca740000, 0x00000130ce6b8000)
 Next Bits: [0x00000130ce6c0000, 0x00000130d2638000)

GC Heap History (0 events):
No events

Dll operation events (1 events):
Event: 0.008 Loaded shared library C:\Program Files\JetBrains\PhpStorm 2023.3.4\jbr\bin\java.dll

Deoptimization events (0 events):
No events

Classes unloaded (0 events):
No events

Classes redefined (0 events):
No events

Internal exceptions (0 events):
No events

VM Operations (0 events):
No events

Events (0 events):
No events


Dynamic libraries:
0x00007ff7c6930000 - 0x00007ff7c693a000 	C:\Program Files\JetBrains\PhpStorm 2023.3.4\jbr\bin\java.exe
0x00007ffdcde10000 - 0x00007ffdce008000 	C:\Windows\SYSTEM32\ntdll.dll
0x00007ffdcd8f0000 - 0x00007ffdcd9ad000 	C:\Windows\System32\KERNEL32.DLL
0x00007ffdcbb10000 - 0x00007ffdcbe06000 	C:\Windows\System32\KERNELBASE.dll
0x00007ffdcb6e0000 - 0x00007ffdcb7e0000 	C:\Windows\System32\ucrtbase.dll
0x00007ffda4370000 - 0x00007ffda4387000 	C:\Program Files\JetBrains\PhpStorm 2023.3.4\jbr\bin\jli.dll
0x00007ffdc8bd0000 - 0x00007ffdc8beb000 	C:\Program Files\JetBrains\PhpStorm 2023.3.4\jbr\bin\VCRUNTIME140.dll
0x00007ffdcc9c0000 - 0x00007ffdccb5f000 	C:\Windows\System32\USER32.dll
0x00007ffdcbe10000 - 0x00007ffdcbe32000 	C:\Windows\System32\win32u.dll
0x00007ffdccb60000 - 0x00007ffdccb8b000 	C:\Windows\System32\GDI32.dll
0x00007ffdcb890000 - 0x00007ffdcb9a7000 	C:\Windows\System32\gdi32full.dll
0x00007ffdb8400000 - 0x00007ffdb869a000 	C:\Windows\WinSxS\amd64_microsoft.windows.common-controls_6595b64144ccf1df_6.0.19041.3636_none_60b6a03d71f818d5\COMCTL32.dll
0x00007ffdcb9e0000 - 0x00007ffdcba7d000 	C:\Windows\System32\msvcp_win.dll
0x00007ffdcd3e0000 - 0x00007ffdcd47e000 	C:\Windows\System32\msvcrt.dll
0x00007ffdccf80000 - 0x00007ffdccfb2000 	C:\Windows\System32\IMM32.DLL
0x00007ffdbcef0000 - 0x00007ffdbcefc000 	C:\Program Files\JetBrains\PhpStorm 2023.3.4\jbr\bin\vcruntime140_1.dll
0x00007ffd990e0000 - 0x00007ffd9916d000 	C:\Program Files\JetBrains\PhpStorm 2023.3.4\jbr\bin\msvcp140.dll
0x00007ffd65c80000 - 0x00007ffd66902000 	C:\Program Files\JetBrains\PhpStorm 2023.3.4\jbr\bin\server\jvm.dll
0x00007ffdcccf0000 - 0x00007ffdccda0000 	C:\Windows\System32\ADVAPI32.dll
0x00007ffdcc920000 - 0x00007ffdcc9c0000 	C:\Windows\System32\sechost.dll
0x00007ffdccda0000 - 0x00007ffdccec3000 	C:\Windows\System32\RPCRT4.dll
0x00007ffdcb9b0000 - 0x00007ffdcb9d7000 	C:\Windows\System32\bcrypt.dll
0x00007ffdc8c00000 - 0x00007ffdc8c09000 	C:\Windows\SYSTEM32\WSOCK32.dll
0x00007ffdbc110000 - 0x00007ffdbc137000 	C:\Windows\SYSTEM32\WINMM.dll
0x00007ffdc5e40000 - 0x00007ffdc5e4a000 	C:\Windows\SYSTEM32\VERSION.dll
0x00007ffdcc140000 - 0x00007ffdcc1ab000 	C:\Windows\System32\WS2_32.dll
0x00007ffdcb320000 - 0x00007ffdcb36b000 	C:\Windows\SYSTEM32\POWRPROF.dll
0x00007ffdcb300000 - 0x00007ffdcb312000 	C:\Windows\SYSTEM32\UMPDC.dll
0x00007ffdc9330000 - 0x00007ffdc9342000 	C:\Windows\SYSTEM32\kernel.appcore.dll
0x00007ffdc8bf0000 - 0x00007ffdc8bfa000 	C:\Program Files\JetBrains\PhpStorm 2023.3.4\jbr\bin\jimage.dll
0x00007ffdbbf10000 - 0x00007ffdbc0f4000 	C:\Windows\SYSTEM32\DBGHELP.DLL
0x00007ffdbb0d0000 - 0x00007ffdbb104000 	C:\Windows\SYSTEM32\dbgcore.DLL
0x00007ffdcba80000 - 0x00007ffdcbb02000 	C:\Windows\System32\bcryptPrimitives.dll
0x00007ffdc66e0000 - 0x00007ffdc6705000 	C:\Program Files\JetBrains\PhpStorm 2023.3.4\jbr\bin\java.dll

dbghelp: loaded successfully - version: 4.0.5 - missing functions: none
symbol engine: initialized successfully - sym options: 0x614 - pdb path: .;C:\Program Files\JetBrains\PhpStorm 2023.3.4\jbr\bin;C:\Windows\SYSTEM32;C:\Windows\WinSxS\amd64_microsoft.windows.common-controls_6595b64144ccf1df_6.0.19041.3636_none_60b6a03d71f818d5;C:\Program Files\JetBrains\PhpStorm 2023.3.4\jbr\bin\server

VM Arguments:
java_command: git4idea.http.GitAskPassApp Username for 'https://github.com': 
java_class_path (initial): C:/Program Files/JetBrains/PhpStorm 2023.3.4/plugins/vcs-git/lib/git4idea-rt.jar;C:/Program Files/JetBrains/PhpStorm 2023.3.4/lib/externalProcess-rt.jar
Launcher Type: SUN_STANDARD

[Global flags]
     intx CICompilerCount                          = 4                                         {product} {ergonomic}
     uint ConcGCThreads                            = 2                                         {product} {ergonomic}
     uint G1ConcRefinementThreads                  = 8                                         {product} {ergonomic}
   size_t G1HeapRegionSize                         = 2097152                                   {product} {ergonomic}
    uintx GCDrainStackTargetSize                   = 64                                        {product} {ergonomic}
   size_t InitialHeapSize                          = 266338304                                 {product} {ergonomic}
   size_t MarkStackSize                            = 4194304                                   {product} {ergonomic}
   size_t MaxHeapSize                              = 4259315712                                {product} {ergonomic}
   size_t MinHeapDeltaBytes                        = 2097152                                   {product} {ergonomic}
   size_t MinHeapSize                              = 8388608                                   {product} {ergonomic}
    uintx NonNMethodCodeHeapSize                   = 5839372                                {pd product} {ergonomic}
    uintx NonProfiledCodeHeapSize                  = 122909434                              {pd product} {ergonomic}
    uintx ProfiledCodeHeapSize                     = 122909434                              {pd product} {ergonomic}
    uintx ReservedCodeCacheSize                    = 251658240                              {pd product} {ergonomic}
     bool SegmentedCodeCache                       = true                                      {product} {ergonomic}
   size_t SoftMaxHeapSize                          = 4259315712                             {manageable} {ergonomic}
     bool UseCompressedClassPointers               = true                           {product lp64_product} {ergonomic}
     bool UseCompressedOops                        = true                           {product lp64_product} {ergonomic}
     bool UseG1GC                                  = true                                      {product} {ergonomic}
     bool UseLargePagesIndividualAllocation        = false                                  {pd product} {ergonomic}

Logging:
Log output configuration:
 #0: stdout all=warning uptime,level,tags
 #1: stderr all=off uptime,level,tags

Environment Variables:
JAVA_HOME=C:\Program Files\Java\jdk-21
PATH=C:\Program Files\Common Files\Oracle\Java\javapath;C:\Program Files (x86)\Common Files\Oracle\Java\java8path;C:\Program Files (x86)\Common Files\Oracle\Java\javapath;C:\Python312\Scripts\;C:\Python312\;C:\Python311\Scripts\;C:\Python311\;C:\Windows\system32;C:\Windows;C:\Windows\System32\Wbem;C:\Windows\System32\WindowsPowerShell\v1.0\;C:\Windows\System32\OpenSSH\;C:\Program Files\Git\cmd;D:\xampp\php;C:\xampp\php;C:\ProgramData\ComposerSetup\bin;C:\ProgramData\chocolatey\bin;C:\Users\DELL\AppData\Roaming\nvm;C:\Program Files\nodejs;C:\Program Files\Docker\Docker\resources\bin;C:\Program Files\PowerShell\7\;C:\Users\DELL\AppData\Local\Microsoft\WindowsApps;C:\Users\DELL\AppData\Local\Programs\Microsoft VS Code\bin;C:\Users\DELL\AppData\Roaming\Composer\vendor\bin;C:\Users\DELL\AppData\Roaming\npm;C:\Users\DELL\AppData\Roaming\nvm;C:\Program Files\nodejs;C:\Program Files\JetBrains\PhpStorm 2023.3.4\bin;;"D:\learn_space\learn_flutter\flutter\bin"
USERNAME=RB094
OS=Windows_NT
PROCESSOR_IDENTIFIER=Intel64 Family 6 Model 158 Stepping 9, GenuineIntel
TMP=C:\Users\DELL\AppData\Local\Temp
TEMP=C:\Users\DELL\AppData\Local\Temp



Periodic native trim disabled

JNI global refs:
JNI global refs: 0, weak refs: 0

JNI global refs memory usage: 0, weak refs: 0

OOME stack traces (most recent first):
Classloader memory used:


---------------  S Y S T E M  ---------------

OS:
 Windows 10 , 64 bit Build 19041 (10.0.19041.3636)
OS uptime: 0 days 3:23 hours
Hyper-V role detected

CPU: total 8 (initial active 8) (4 cores per cpu, 2 threads per core) family 6 model 158 stepping 9 microcode 0xf4, cx8, cmov, fxsr, ht, mmx, 3dnowpref, sse, sse2, sse3, ssse3, sse4.1, sse4.2, popcnt, lzcnt, tsc, tscinvbit, avx, avx2, aes, erms, clmul, bmi1, bmi2, rtm, adx, fma, vzeroupper, clflush, clflushopt, hv
Processor Information for all 8 processors :
  Max Mhz: 3600, Current Mhz: 3600, Mhz Limit: 3600

Memory: 4k page, system-wide physical 16247M (829M free)
TotalPageFile size 24439M (AvailPageFile size 156M)
current process WorkingSet (physical memory assigned to process): 10M, peak: 10M
current process commit charge ("private bytes"): 60M, peak: 314M

vm_info: OpenJDK 64-Bit Server VM (17.0.10+8-b1207.12) for windows-amd64 JRE (17.0.10+8-b1207.12), built on 2024-03-15 by "builduser" with MS VC++ 16.10 / 16.11 (VS2019)

END.
